[debug] [2023-11-03T04:37:58.839Z] ----------------------------------------------------------------------
[debug] [2023-11-03T04:37:58.844Z] Command:       C:\Program Files\nodejs\node.exe C:\Users\HANIF\AppData\Roaming\npm\node_modules\firebase-tools\lib\bin\firebase.js init
[debug] [2023-11-03T04:37:58.845Z] CLI Version:   12.8.0
[debug] [2023-11-03T04:37:58.845Z] Platform:      win32
[debug] [2023-11-03T04:37:58.846Z] Node Version:  v20.5.0
[debug] [2023-11-03T04:37:58.846Z] Time:          Fri Nov 03 2023 10:37:58 GMT+0600 (Bangladesh Standard Time)
[debug] [2023-11-03T04:37:58.846Z] ----------------------------------------------------------------------
[debug] 
[debug] [2023-11-03T04:37:58.858Z] > command requires scopes: ["email","openid","https://www.googleapis.com/auth/cloudplatformprojects.readonly","https://www.googleapis.com/auth/firebase","https://www.googleapis.com/auth/cloud-platform"]
[debug] [2023-11-03T04:37:58.859Z] > authorizing via signed-in user (md.hanif7077@gmail.com)
[info] 
     ######## #### ########  ######## ########     ###     ######  ########
     ##        ##  ##     ## ##       ##     ##  ##   ##  ##       ##
     ######    ##  ########  ######   ########  #########  ######  ######
     ##        ##  ##    ##  ##       ##     ## ##     ##       ## ##
     ##       #### ##     ## ######## ########  ##     ##  ######  ########

You're about to initialize a Firebase project in this directory:

  D:\projects\car-doctor-server

[info] 
=== Project Setup
[info] 
[info] First, let's associate this project directory with a Firebase project.
[info] You can create multiple project aliases by running firebase use --add, 
[info] but for now we'll just set up a default project.
[info] 
[debug] [2023-11-03T04:38:46.324Z] >>> [apiv2][query] GET https://firebase.googleapis.com/v1beta1/projects pageSize=100
[debug] [2023-11-03T04:38:47.171Z] <<< [apiv2][status] GET https://firebase.googleapis.com/v1beta1/projects 200
[debug] [2023-11-03T04:38:47.172Z] <<< [apiv2][body] GET https://firebase.googleapis.com/v1beta1/projects [omitted]
[info] i  Using project cars-doctor-24550 (cars-doctor) 
[info] 
=== Hosting Setup
[info] 
[info] Your public directory is the folder (relative to your project directory) that
[info] will contain Hosting assets to be uploaded with firebase deploy. If you
[info] have a build process for your assets, use your build's output directory.
[info] 
[debug] [2023-11-03T04:39:17.972Z] >>> [apiv2][query] GET https://www.gstatic.com/firebasejs/releases.json [none]
[debug] [2023-11-03T04:39:18.210Z] <<< [apiv2][status] GET https://www.gstatic.com/firebasejs/releases.json 200
[debug] [2023-11-03T04:39:18.211Z] <<< [apiv2][body] GET https://www.gstatic.com/firebasejs/releases.json {"current":{"version":"10.5.2","browserURL":"https://www.gstatic.com/firebasejs/10.5.2/firebase.js","packageURL":"https://www.gstatic.com/firebasejs/10.5.2/firebase.tgz"},"live":{"version":"10.5","browserURL":"https://www.gstatic.com/firebasejs/live/10.5/firebase.js","packageURL":"https://www.gstatic.com/firebasejs/live/10.5/firebase.tgz"},"components":{"analytics":"https://www.gstatic.com/firebasejs/10.5.2/firebase-analytics.js","app":"https://www.gstatic.com/firebasejs/10.5.2/firebase-app.js","app-check":"https://www.gstatic.com/firebasejs/10.5.2/firebase-app-check.js","auth":"https://www.gstatic.com/firebasejs/10.5.2/firebase-auth.js","auth/cordova":"https://www.gstatic.com/firebasejs/10.5.2/firebase-auth/cordova.js","functions":"https://www.gstatic.com/firebasejs/10.5.2/firebase-functions.js","firestore":"https://www.gstatic.com/firebasejs/10.5.2/firebase-firestore.js","firestore/lite":"https://www.gstatic.com/firebasejs/10.5.2/firebase-firestore/lite.js","installations":"https://www.gstatic.com/firebasejs/10.5.2/firebase-installations.js","storage":"https://www.gstatic.com/firebasejs/10.5.2/firebase-storage.js","performance":"https://www.gstatic.com/firebasejs/10.5.2/firebase-performance.js","remote-config":"https://www.gstatic.com/firebasejs/10.5.2/firebase-remote-config.js","messaging":"https://www.gstatic.com/firebasejs/10.5.2/firebase-messaging.js","messaging/sw":"https://www.gstatic.com/firebasejs/10.5.2/firebase-messaging/sw.js","database":"https://www.gstatic.com/firebasejs/10.5.2/firebase-database.js","firestore.memory":"https://www.gstatic.com/firebasejs/10.5.2/firebase-firestore.memory.js"}}
[info] +  Wrote y/index.html 
[info] 
[info] i  Detected a .git folder at D:\projects\car-doctor-server 
[info] i  Authorizing with GitHub to upload your service account to a GitHub repository's secrets store. 
[info] 
[info] Visit this URL on this device to log in:
[info] https://github.com/login/oauth/authorize?client_id=89cf50f02ac6aaed3484&state=815628647&redirect_uri=http%3A%2F%2Flocalhost%3A9005&scope=read%3Auser%20repo%20public_repo
[info] 
[info] Waiting for authentication...
[debug] [2023-11-03T04:39:19.676Z] >>> [apiv2][query] POST https://github.com/login/oauth/access_token [none]
[debug] [2023-11-03T04:39:19.676Z] >>> [apiv2][body] POST https://github.com/login/oauth/access_token [stream]
[debug] [2023-11-03T04:39:20.458Z] <<< [apiv2][status] POST https://github.com/login/oauth/access_token 200
[debug] [2023-11-03T04:39:20.459Z] <<< [apiv2][body] POST https://github.com/login/oauth/access_token {"access_token":"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","token_type":"bearer","scope":"read:user,repo"}
[debug] [2023-11-03T04:39:20.490Z] >>> [apiv2][query] GET https://api.github.com/user [none]
[debug] [2023-11-03T04:39:21.105Z] <<< [apiv2][status] GET https://api.github.com/user 200
[debug] [2023-11-03T04:39:21.106Z] <<< [apiv2][body] GET https://api.github.com/user {"login":"hanif7077","id":121853807,"node_id":"U_kgDOB0NXbw","avatar_url":"https://avatars.githubusercontent.com/u/121853807?v=4","gravatar_id":"","url":"https://api.github.com/users/hanif7077","html_url":"https://github.com/hanif7077","followers_url":"https://api.github.com/users/hanif7077/followers","following_url":"https://api.github.com/users/hanif7077/following{/other_user}","gists_url":"https://api.github.com/users/hanif7077/gists{/gist_id}","starred_url":"https://api.github.com/users/hanif7077/starred{/owner}{/repo}","subscriptions_url":"https://api.github.com/users/hanif7077/subscriptions","organizations_url":"https://api.github.com/users/hanif7077/orgs","repos_url":"https://api.github.com/users/hanif7077/repos","events_url":"https://api.github.com/users/hanif7077/events{/privacy}","received_events_url":"https://api.github.com/users/hanif7077/received_events","type":"User","site_admin":false,"name":null,"company":null,"blog":"","location":null,"email":null,"hireable":null,"bio":null,"twitter_username":null,"public_repos":13,"public_gists":0,"followers":0,"following":0,"created_at":"2023-01-03T07:47:58Z","updated_at":"2023-07-29T05:07:18Z","private_gists":0,"total_private_repos":0,"owned_private_repos":0,"disk_usage":21123,"collaborators":0,"two_factor_authentication":false,"plan":{"name":"free","space":976562499,"collaborators":0,"private_repos":10000}}
[info] 
[info] +  Success! Logged into GitHub as hanif7077 
[info] 
